<?xml version="1.0" encoding="UTF-8"?>
<testsuite xmlns:xsi="http://www.w3.org/2001/XMLSchema-instance" xsi:noNamespaceSchemaLocation="https://maven.apache.org/surefire/maven-surefire-plugin/xsd/surefire-test-report-3.0.xsd" version="3.0" name="grupo10.messenger.backend.ControlTest" time="6.286" tests="1" errors="0" skipped="0" failures="1">
  <properties>
    <property name="java.specification.version" value="23"/>
    <property name="sun.cpu.isalist" value="amd64"/>
    <property name="sun.jnu.encoding" value="Cp1252"/>
    <property name="java.class.path" value="C:\Users\user\Documents\NetBeansProjects\appChatP2P\messenger\target\test-classes;C:\Users\user\Documents\NetBeansProjects\appChatP2P\messenger\target\classes;C:\Users\user\.m2\repository\org\netbeans\external\AbsoluteLayout\RELEASE210\AbsoluteLayout-RELEASE210.jar;C:\Users\user\.m2\repository\org\junit\jupiter\junit-jupiter-api\5.10.3\junit-jupiter-api-5.10.3.jar;C:\Users\user\.m2\repository\org\opentest4j\opentest4j\1.3.0\opentest4j-1.3.0.jar;C:\Users\user\.m2\repository\org\junit\platform\junit-platform-commons\1.10.3\junit-platform-commons-1.10.3.jar;C:\Users\user\.m2\repository\org\apiguardian\apiguardian-api\1.1.2\apiguardian-api-1.1.2.jar;C:\Users\user\.m2\repository\org\junit\jupiter\junit-jupiter-params\5.10.3\junit-jupiter-params-5.10.3.jar;C:\Users\user\.m2\repository\org\junit\jupiter\junit-jupiter-engine\5.10.3\junit-jupiter-engine-5.10.3.jar;C:\Users\user\.m2\repository\org\junit\platform\junit-platform-engine\1.10.3\junit-platform-engine-1.10.3.jar;"/>
    <property name="java.vm.vendor" value="Oracle Corporation"/>
    <property name="sun.arch.data.model" value="64"/>
    <property name="user.variant" value=""/>
    <property name="java.vendor.url" value="https://java.oracle.com/"/>
    <property name="user.timezone" value="America/Buenos_Aires"/>
    <property name="os.name" value="Windows 10"/>
    <property name="java.vm.specification.version" value="23"/>
    <property name="user.country" value="AR"/>
    <property name="sun.java.launcher" value="SUN_STANDARD"/>
    <property name="sun.boot.library.path" value="C:\Program Files\Java\jdk-23\bin"/>
    <property name="sun.java.command" value="C:\Users\user\AppData\Local\Temp\surefire14791904276743119021\surefirebooter-20250329180607988_3.jar C:\Users\user\AppData\Local\Temp\surefire14791904276743119021 2025-03-29T18-06-07_790-jvmRun1 surefire-20250329180607988_1tmp surefire_0-20250329180607988_2tmp"/>
    <property name="jdk.debug" value="release"/>
    <property name="test" value="grupo10.messenger.backend.ControlTest#testComunicacionConcurrente"/>
    <property name="surefire.test.class.path" value="C:\Users\user\Documents\NetBeansProjects\appChatP2P\messenger\target\test-classes;C:\Users\user\Documents\NetBeansProjects\appChatP2P\messenger\target\classes;C:\Users\user\.m2\repository\org\netbeans\external\AbsoluteLayout\RELEASE210\AbsoluteLayout-RELEASE210.jar;C:\Users\user\.m2\repository\org\junit\jupiter\junit-jupiter-api\5.10.3\junit-jupiter-api-5.10.3.jar;C:\Users\user\.m2\repository\org\opentest4j\opentest4j\1.3.0\opentest4j-1.3.0.jar;C:\Users\user\.m2\repository\org\junit\platform\junit-platform-commons\1.10.3\junit-platform-commons-1.10.3.jar;C:\Users\user\.m2\repository\org\apiguardian\apiguardian-api\1.1.2\apiguardian-api-1.1.2.jar;C:\Users\user\.m2\repository\org\junit\jupiter\junit-jupiter-params\5.10.3\junit-jupiter-params-5.10.3.jar;C:\Users\user\.m2\repository\org\junit\jupiter\junit-jupiter-engine\5.10.3\junit-jupiter-engine-5.10.3.jar;C:\Users\user\.m2\repository\org\junit\platform\junit-platform-engine\1.10.3\junit-platform-engine-1.10.3.jar;"/>
    <property name="sun.cpu.endian" value="little"/>
    <property name="user.home" value="C:\Users\user"/>
    <property name="user.language" value="es"/>
    <property name="java.specification.vendor" value="Oracle Corporation"/>
    <property name="java.version.date" value="2024-10-15"/>
    <property name="java.home" value="C:\Program Files\Java\jdk-23"/>
    <property name="file.separator" value="\"/>
    <property name="basedir" value="C:\Users\user\Documents\NetBeansProjects\appChatP2P\messenger"/>
    <property name="java.vm.compressedOopsMode" value="Zero based"/>
    <property name="line.separator" value="&#10;"/>
    <property name="java.vm.specification.vendor" value="Oracle Corporation"/>
    <property name="java.specification.name" value="Java Platform API Specification"/>
    <property name="surefire.real.class.path" value="C:\Users\user\AppData\Local\Temp\surefire14791904276743119021\surefirebooter-20250329180607988_3.jar"/>
    <property name="user.script" value=""/>
    <property name="sun.management.compiler" value="HotSpot 64-Bit Tiered Compilers"/>
    <property name="java.runtime.version" value="23.0.1+11-39"/>
    <property name="user.name" value="user"/>
    <property name="stdout.encoding" value="Cp1252"/>
    <property name="path.separator" value=";"/>
    <property name="os.version" value="10.0"/>
    <property name="java.runtime.name" value="Java(TM) SE Runtime Environment"/>
    <property name="file.encoding" value="UTF-8"/>
    <property name="java.vm.name" value="Java HotSpot(TM) 64-Bit Server VM"/>
    <property name="maven.ext.class.path" value="C:\Program Files\NetBeans-25\netbeans\java\maven-nblib\netbeans-eventspy.jar"/>
    <property name="localRepository" value="C:\Users\user\.m2\repository"/>
    <property name="java.vendor.url.bug" value="https://bugreport.java.com/bugreport/"/>
    <property name="java.io.tmpdir" value="C:\Users\user\AppData\Local\Temp\"/>
    <property name="java.version" value="23.0.1"/>
    <property name="user.dir" value="C:\Users\user\Documents\NetBeansProjects\appChatP2P\messenger"/>
    <property name="os.arch" value="amd64"/>
    <property name="java.vm.specification.name" value="Java Virtual Machine Specification"/>
    <property name="sun.os.patch.level" value=""/>
    <property name="native.encoding" value="Cp1252"/>
    <property name="java.library.path" value="C:\Program Files\Java\jdk-23\bin;C:\Windows\Sun\Java\bin;C:\Windows\system32;C:\Windows;C:\Program Files\Common Files\Oracle\Java\javapath;C:\Windows\system32;C:\Windows;C:\Windows\System32\Wbem;C:\Windows\System32\WindowsPowerShell\v1.0\;C:\Windows\System32\OpenSSH\;C:\Program Files\nodejs\;C:\Program Files\Git\cmd;C:\Users\user\AppData\Local\Programs\Python\Python312\Scripts\;C:\Users\user\AppData\Local\Programs\Python\Python312\;C:\Users\user\AppData\Local\Programs\Python\Launcher\;C:\Users\user\AppData\Local\Microsoft\WindowsApps;C:\Users\user\AppData\Local\Programs\Microsoft VS Code\bin;C:\Users\user\Desktop\platform-tools;C:\Users\user\AppData\Roaming\npm;C:\ProgramData\user\GitHubDesktop\bin;."/>
    <property name="java.vm.info" value="mixed mode, sharing"/>
    <property name="stderr.encoding" value="Cp1252"/>
    <property name="java.vendor" value="Oracle Corporation"/>
    <property name="java.vm.version" value="23.0.1+11-39"/>
    <property name="sun.io.unicode.encoding" value="UnicodeLittle"/>
    <property name="java.class.version" value="67.0"/>
  </properties>
  <testcase name="testComunicacionConcurrente" classname="grupo10.messenger.backend.ControlTest" time="6.233">
    <failure message="Conversación en instancia 2 es diferente. ==&gt; expected: &lt;true&gt; but was: &lt;false&gt;" type="org.opentest4j.AssertionFailedError"><![CDATA[org.opentest4j.AssertionFailedError: Conversación en instancia 2 es diferente. ==> expected: <true> but was: <false>
	at org.junit.jupiter.api.AssertionFailureBuilder.build(AssertionFailureBuilder.java:151)
	at org.junit.jupiter.api.AssertionFailureBuilder.buildAndThrow(AssertionFailureBuilder.java:132)
	at org.junit.jupiter.api.AssertTrue.failNotTrue(AssertTrue.java:63)
	at org.junit.jupiter.api.AssertTrue.assertTrue(AssertTrue.java:36)
	at org.junit.jupiter.api.Assertions.assertTrue(Assertions.java:214)
	at grupo10.messenger.backend.ControlTest.testComunicacionConcurrente(ControlTest.java:172)
	at java.base/java.lang.reflect.Method.invoke(Method.java:580)
	at java.base/java.util.ArrayList.forEach(ArrayList.java:1597)
	at java.base/java.util.ArrayList.forEach(ArrayList.java:1597)
]]></failure>
    <system-out><![CDATA[Servidor iniciado en el puerto 5000
Servidor iniciado en el puerto 5001
Servidor iniciado en el puerto 5002
Servidor iniciado en el puerto 5003
Servidor iniciado en el puerto 5004
Servidor iniciado en el puerto 5005
Conectado al servidor en 192.168.0.6 en el puerto 5002
Conectado al servidor en 192.168.0.6 en el puerto 5001
Conectado al servidor en 192.168.0.6 en el puerto 5001
Conectado al servidor en 192.168.0.6 en el puerto 5001
Conectado al servidor en 192.168.0.6 en el puerto 5001
Cliente conectado desde: /192.168.0.6
Cliente conectado desde: /192.168.0.6
Cliente conectado desde: /192.168.0.6
Cliente conectado desde: /192.168.0.6
Cliente conectado desde: /192.168.0.6
Mensaje recibido del cliente: Hola de User 3 a User 1 desde la IP 192.168.0.6
Mensaje recibido del cliente: Hola de User 1 a User 2 desde la IP 192.168.0.6
Mensaje recibido del cliente: Hola de User 4 a User 1 desde la IP 192.168.0.6
Mensaje recibido del cliente: Hola de User 5 a User 1 desde la IP 192.168.0.6
Mensaje recibido del cliente: Hola de User 2 a User 1 desde la IP 192.168.0.6
true
true
true
true
true
Conexion cerrada con el servidor
Conexion cerrada con el servidor
Conexion cerrada con el servidor
Conexion cerrada con el servidor
Conexion cerrada con el servidor
Conectado al servidor en 192.168.0.6 en el puerto 5003
Conectado al servidor en 192.168.0.6 en el puerto 5003
Conectado al servidor en 192.168.0.6 en el puerto 5002
Cliente conectado desde: /192.168.0.6
Cliente conectado desde: /192.168.0.6
true
Cliente conectado desde: /192.168.0.6
true
true
Conectado al servidor en 192.168.0.6 en el puerto 5002
Cliente conectado desde: /192.168.0.6
true
Cliente conectado desde: /192.168.0.6
Conectado al servidor en 192.168.0.6 en el puerto 5002
true
Mensaje recibido del cliente: Hola de User 1 a User 3 desde la IP 192.168.0.6
Mensaje recibido del cliente: Hola de User 2 a User 3 desde la IP 192.168.0.6
Conexion cerrada con el servidor
Conexion cerrada con el servidor
Conectado al servidor en 192.168.0.6 en el puerto 5004
Cliente conectado desde: /192.168.0.6
Mensaje recibido del cliente: Hola de User 4 a User 2 desde la IP 192.168.0.6
Conexion cerrada con el servidor
Conectado al servidor en 192.168.0.6 en el puerto 5004
Cliente conectado desde: /192.168.0.6
true
true
Mensaje recibido del cliente: Hola de User 3 a User 2 desde la IP 192.168.0.6
Conexion cerrada con el servidor
Mensaje recibido del cliente: Hola de User 5 a User 2 desde la IP 192.168.0.6
Conexion cerrada con el servidor
Conectado al servidor en 192.168.0.6 en el puerto 5004
Cliente conectado desde: /192.168.0.6
Mensaje recibido del cliente: Hola de User 2 a User 4 desde la IP 192.168.0.6
Conexion cerrada con el servidor
true
Mensaje recibido del cliente: Hola de User 1 a User 4 desde la IP 192.168.0.6
Conexion cerrada con el servidor
Conectado al servidor en 192.168.0.6 en el puerto 5005
Mensaje recibido del cliente: Hola de User 3 a User 4 desde la IP 192.168.0.6
Cliente conectado desde: /192.168.0.6
Conexion cerrada con el servidor
true
Conectado al servidor en 192.168.0.6 en el puerto 5003
Cliente conectado desde: /192.168.0.6
Cliente conectado desde: /192.168.0.6
Conectado al servidor en 192.168.0.6 en el puerto 5003
Cliente conectado desde: /192.168.0.6
Conectado al servidor en 192.168.0.6 en el puerto 5005
true
true
Conectado al servidor en 192.168.0.6 en el puerto 5005
Cliente conectado desde: /192.168.0.6
Mensaje recibido del cliente: Hola de User 1 a User 5 desde la IP 192.168.0.6
true
Mensaje recibido del cliente: Hola de User 4 a User 3 desde la IP 192.168.0.6
Conexion cerrada con el servidor
true
Conexion cerrada con el servidor
Mensaje recibido del cliente: Hola de User 3 a User 5 desde la IP 192.168.0.6
Conexion cerrada con el servidor
Mensaje recibido del cliente: Hola de User 2 a User 5 desde la IP 192.168.0.6
Mensaje recibido del cliente: Hola de User 5 a User 3 desde la IP 192.168.0.6
Conectado al servidor en 192.168.0.6 en el puerto 5004
Cliente conectado desde: /192.168.0.6
Conexion cerrada con el servidor
Conexion cerrada con el servidor
Conectado al servidor en 192.168.0.6 en el puerto 5005
Cliente conectado desde: /192.168.0.6
true
Mensaje recibido del cliente: Hola de User 5 a User 4 desde la IP 192.168.0.6
Conexion cerrada con el servidor
Mensaje recibido del cliente: Hola de User 4 a User 5 desde la IP 192.168.0.6
true
Conexion cerrada con el servidor
]]></system-out>
  </testcase>
</testsuite>